
175999 : 0x20be03e5f35dd7 : 1 : spill_jit_data :  Jit agent is not initialized
175999 : 0x20be03e5fbfbd4 : 2 : ittapi_config_mask_get :  --itt-config mask to be applied: 17
175999 : 0x20be03e5fd2e4b : 2 : ittapi_config_apply_per_lib :  ITTAPI function instrumented: __itt_domain_create
175999 : 0x20be03e5fd66f7 : 2 : ittapi_config_apply_per_lib :  ITTAPI function instrumented: __itt_string_handle_create
175999 : 0x20be03e5fd95a2 : 2 : ittapi_config_apply_per_lib :  ITTAPI function instrumented: __itt_counter_create
175999 : 0x20be03e5fdbfbb : 2 : ittapi_config_apply_per_lib :  ITTAPI function instrumented: __itt_counter_create_typed
175999 : 0x20be03e5fdeda3 : 2 : ittapi_config_apply_per_lib :  ITTAPI function instrumented: __itt_pause
175999 : 0x20be03e5fe1afc : 2 : ittapi_config_apply_per_lib :  ITTAPI function instrumented: __itt_resume
175999 : 0x20be03e5fe48a3 : 2 : ittapi_config_apply_per_lib :  ITTAPI function instrumented: __itt_thread_set_name
175999 : 0x20be03e5fe751f : 2 : ittapi_config_apply_per_lib :  ITTAPI function instrumented: __itt_thread_ignore
175999 : 0x20be03e605c6cc : 2 : ittapi_config_apply_per_lib :  ITTAPI function instrumented: __itt_thr_name_set
175999 : 0x20be03e60621bf : 2 : ittapi_config_apply_per_lib :  ITTAPI function instrumented: __itt_thr_ignore
175999 : 0x20be03e606715f : 2 : ittapi_config_apply_per_lib :  ITTAPI function not implemented: __itt_enable_attach
175999 : 0x20be03e606cd56 : 2 : ittapi_config_apply_per_lib :  ITTAPI function instrumented: __itt_detach
175999 : 0x20be03e606f0bb : 2 : ittapi_config_apply_per_lib :  ITTAPI function NOT instrumented (not matched by --itt-config option): __itt_sync_create

175999 : 0x20be03e6071078 : 2 : ittapi_config_apply_per_lib :  ITTAPI function NOT instrumented (not matched by --itt-config option): __itt_sync_rename

175999 : 0x20be03e6072f3e : 2 : ittapi_config_apply_per_lib :  ITTAPI function NOT instrumented (not matched by --itt-config option): __itt_sync_destroy

175999 : 0x20be03e6074c98 : 2 : ittapi_config_apply_per_lib :  ITTAPI function NOT instrumented (not matched by --itt-config option): __itt_sync_prepare

175999 : 0x20be03e60769cb : 2 : ittapi_config_apply_per_lib :  ITTAPI function NOT instrumented (not matched by --itt-config option): __itt_sync_cancel

175999 : 0x20be03e60786fe : 2 : ittapi_config_apply_per_lib :  ITTAPI function NOT instrumented (not matched by --itt-config option): __itt_sync_acquired

175999 : 0x20be03e608f887 : 2 : ittapi_config_apply_per_lib :  ITTAPI function NOT instrumented (not matched by --itt-config option): __itt_sync_releasing

175999 : 0x20be03e6094993 : 2 : ittapi_config_apply_per_lib :  ITTAPI function not implemented: __itt_suppress_push
175999 : 0x20be03e6098aee : 2 : ittapi_config_apply_per_lib :  ITTAPI function not implemented: __itt_suppress_pop
175999 : 0x20be03e609c289 : 2 : ittapi_config_apply_per_lib :  ITTAPI function not implemented: __itt_suppress_mark_range
175999 : 0x20be03e609fc46 : 2 : ittapi_config_apply_per_lib :  ITTAPI function not implemented: __itt_suppress_clear_range
175999 : 0x20be03e60a1f50 : 2 : ittapi_config_apply_per_lib :  ITTAPI function NOT instrumented (not matched by --itt-config option): __itt_sync_prepare

175999 : 0x20be03e60a3de2 : 2 : ittapi_config_apply_per_lib :  ITTAPI function NOT instrumented (not matched by --itt-config option): __itt_sync_cancel

175999 : 0x20be03e60a5be5 : 2 : ittapi_config_apply_per_lib :  ITTAPI function NOT instrumented (not matched by --itt-config option): __itt_sync_acquired

175999 : 0x20be03e60a79c1 : 2 : ittapi_config_apply_per_lib :  ITTAPI function NOT instrumented (not matched by --itt-config option): __itt_sync_releasing

175999 : 0x20be03e60aad80 : 2 : ittapi_config_apply_per_lib :  ITTAPI function not implemented: __itt_model_site_begin
175999 : 0x20be03e60ccb97 : 2 : ittapi_config_apply_per_lib :  ITTAPI function not implemented: __itt_model_site_end
175999 : 0x20be03e60d1a67 : 2 : ittapi_config_apply_per_lib :  ITTAPI function not implemented: __itt_model_task_begin
175999 : 0x20be03e60d53af : 2 : ittapi_config_apply_per_lib :  ITTAPI function not implemented: __itt_model_task_end
175999 : 0x20be03e60d88cd : 2 : ittapi_config_apply_per_lib :  ITTAPI function not implemented: __itt_model_lock_acquire
175999 : 0x20be03e60dbdde : 2 : ittapi_config_apply_per_lib :  ITTAPI function not implemented: __itt_model_lock_release
175999 : 0x20be03e60df55f : 2 : ittapi_config_apply_per_lib :  ITTAPI function not implemented: __itt_model_record_allocation
175999 : 0x20be03e60e2ab1 : 2 : ittapi_config_apply_per_lib :  ITTAPI function not implemented: __itt_model_record_deallocation
175999 : 0x20be03e60eb9ff : 2 : ittapi_config_apply_per_lib :  ITTAPI function not implemented: __itt_model_induction_uses
175999 : 0x20be03e60ef95f : 2 : ittapi_config_apply_per_lib :  ITTAPI function not implemented: __itt_model_reduction_uses
175999 : 0x20be03e60f3051 : 2 : ittapi_config_apply_per_lib :  ITTAPI function not implemented: __itt_model_observe_uses
175999 : 0x20be03e6113552 : 2 : ittapi_config_apply_per_lib :  ITTAPI function not implemented: __itt_model_clear_uses
175999 : 0x20be03e6117cd2 : 2 : ittapi_config_apply_per_lib :  ITTAPI function not implemented: __itt_model_site_beginA
175999 : 0x20be03e611b3aa : 2 : ittapi_config_apply_per_lib :  ITTAPI function not implemented: __itt_model_site_beginAL
175999 : 0x20be03e611ebee : 2 : ittapi_config_apply_per_lib :  ITTAPI function not implemented: __itt_model_task_beginA
175999 : 0x20be03e61221cf : 2 : ittapi_config_apply_per_lib :  ITTAPI function not implemented: __itt_model_task_beginAL
175999 : 0x20be03e61256b9 : 2 : ittapi_config_apply_per_lib :  ITTAPI function not implemented: __itt_model_iteration_taskA
175999 : 0x20be03e6128cf5 : 2 : ittapi_config_apply_per_lib :  ITTAPI function not implemented: __itt_model_iteration_taskAL
175999 : 0x20be03e612c19e : 2 : ittapi_config_apply_per_lib :  ITTAPI function not implemented: __itt_model_site_end_2
175999 : 0x20be03e612f577 : 2 : ittapi_config_apply_per_lib :  ITTAPI function not implemented: __itt_model_task_end_2
175999 : 0x20be03e6132ea5 : 2 : ittapi_config_apply_per_lib :  ITTAPI function not implemented: __itt_model_lock_acquire_2
175999 : 0x20be03e6146609 : 2 : ittapi_config_apply_per_lib :  ITTAPI function not implemented: __itt_model_lock_release_2
175999 : 0x20be03e614aab1 : 2 : ittapi_config_apply_per_lib :  ITTAPI function not implemented: __itt_model_aggregate_task
175999 : 0x20be03e614df0c : 2 : ittapi_config_apply_per_lib :  ITTAPI function not implemented: __itt_model_disable_push
175999 : 0x20be03e615127d : 2 : ittapi_config_apply_per_lib :  ITTAPI function not implemented: __itt_model_disable_pop
175999 : 0x20be03e615403e : 2 : ittapi_config_apply_per_lib :  ITTAPI function instrumented: __itt_heap_function_create
175999 : 0x20be03e61569c8 : 2 : ittapi_config_apply_per_lib :  ITTAPI function instrumented: __itt_heap_allocate_begin
175999 : 0x20be03e61591cc : 2 : ittapi_config_apply_per_lib :  ITTAPI function instrumented: __itt_heap_allocate_end
175999 : 0x20be03e615bbff : 2 : ittapi_config_apply_per_lib :  ITTAPI function instrumented: __itt_heap_free_begin
175999 : 0x20be03e615e39b : 2 : ittapi_config_apply_per_lib :  ITTAPI function instrumented: __itt_heap_free_end
175999 : 0x20be03e6160b5e : 2 : ittapi_config_apply_per_lib :  ITTAPI function instrumented: __itt_heap_reallocate_begin
175999 : 0x20be03e61723fc : 2 : ittapi_config_apply_per_lib :  ITTAPI function instrumented: __itt_heap_reallocate_end
175999 : 0x20be03e6176aac : 2 : ittapi_config_apply_per_lib :  ITTAPI function not implemented: __itt_heap_internal_access_begin
175999 : 0x20be03e617a4de : 2 : ittapi_config_apply_per_lib :  ITTAPI function not implemented: __itt_heap_internal_access_end
175999 : 0x20be03e617dd56 : 2 : ittapi_config_apply_per_lib :  ITTAPI function not implemented: __itt_heap_record_memory_growth_begin
175999 : 0x20be03e61811e5 : 2 : ittapi_config_apply_per_lib :  ITTAPI function not implemented: __itt_heap_record_memory_growth_end
175999 : 0x20be03e61844ba : 2 : ittapi_config_apply_per_lib :  ITTAPI function not implemented: __itt_heap_reset_detection
175999 : 0x20be03e61879be : 2 : ittapi_config_apply_per_lib :  ITTAPI function not implemented: __itt_heap_record
175999 : 0x20be03e618ad08 : 2 : ittapi_config_apply_per_lib :  ITTAPI function not implemented: __itt_id_create
175999 : 0x20be03e618dd1f : 2 : ittapi_config_apply_per_lib :  ITTAPI function not implemented: __itt_id_destroy
175999 : 0x20be03e6190ba3 : 2 : ittapi_config_apply_per_lib :  ITTAPI function instrumented: __itt_get_timestamp
175999 : 0x20be03e61a9ef1 : 2 : ittapi_config_apply_per_lib :  ITTAPI function not implemented: __itt_region_begin
175999 : 0x20be03e61ae213 : 2 : ittapi_config_apply_per_lib :  ITTAPI function not implemented: __itt_region_end
175999 : 0x20be03e61b0fee : 2 : ittapi_config_apply_per_lib :  ITTAPI function instrumented: __itt_frame_begin_v3
175999 : 0x20be03e61b3903 : 2 : ittapi_config_apply_per_lib :  ITTAPI function instrumented: __itt_frame_end_v3
175999 : 0x20be03e61b620b : 2 : ittapi_config_apply_per_lib :  ITTAPI function instrumented: __itt_frame_submit_v3
175999 : 0x20be03e61b80f8 : 2 : ittapi_config_apply_per_lib :  ITTAPI function NOT instrumented (not matched by --itt-config option): __itt_task_group

175999 : 0x20be03e61ba05a : 2 : ittapi_config_apply_per_lib :  ITTAPI function NOT instrumented (not matched by --itt-config option): __itt_task_begin

175999 : 0x20be03e61bbdb4 : 2 : ittapi_config_apply_per_lib :  ITTAPI function NOT instrumented (not matched by --itt-config option): __itt_task_begin_fn

175999 : 0x20be03e61bdada : 2 : ittapi_config_apply_per_lib :  ITTAPI function NOT instrumented (not matched by --itt-config option): __itt_task_end

175999 : 0x20be03e61bf8a9 : 2 : ittapi_config_apply_per_lib :  ITTAPI function NOT instrumented (not matched by --itt-config option): __itt_counter_inc_v3

175999 : 0x20be03e61cfe49 : 2 : ittapi_config_apply_per_lib :  ITTAPI function NOT instrumented (not matched by --itt-config option): __itt_counter_inc_delta_v3

175999 : 0x20be03e61d2e53 : 2 : ittapi_config_apply_per_lib :  ITTAPI function NOT instrumented (not matched by --itt-config option): __itt_counter_dec_v3

175999 : 0x20be03e61d4e2a : 2 : ittapi_config_apply_per_lib :  ITTAPI function NOT instrumented (not matched by --itt-config option): __itt_counter_dec_delta_v3

175999 : 0x20be03e61d8799 : 2 : ittapi_config_apply_per_lib :  ITTAPI function not implemented: __itt_marker
175999 : 0x20be03e61db9c5 : 2 : ittapi_config_apply_per_lib :  ITTAPI function instrumented: __itt_metadata_add
175999 : 0x20be03e61deb89 : 2 : ittapi_config_apply_per_lib :  ITTAPI function not implemented: __itt_metadata_str_add
175999 : 0x20be03e61e286c : 2 : ittapi_config_apply_per_lib :  ITTAPI function not implemented: __itt_relation_add_to_current
175999 : 0x20be03e61e5f5e : 2 : ittapi_config_apply_per_lib :  ITTAPI function not implemented: __itt_relation_add
175999 : 0x20be03e61e8ad6 : 2 : ittapi_config_apply_per_lib :  ITTAPI function instrumented: __itt_event_create
175999 : 0x20be03e61ea9c3 : 2 : ittapi_config_apply_per_lib :  ITTAPI function NOT instrumented (not matched by --itt-config option): __itt_event_start

175999 : 0x20be03e61fa618 : 2 : ittapi_config_apply_per_lib :  ITTAPI function NOT instrumented (not matched by --itt-config option): __itt_event_end

175999 : 0x20be03e6203990 : 2 : ittapi_config_apply_per_lib :  ITTAPI function NOT instrumented (not matched by --itt-config option): __itt_sync_set_name

175999 : 0x20be03e6206375 : 2 : ittapi_config_apply_per_lib :  ITTAPI function NOT instrumented (not matched by --itt-config option): __itt_notify_sync_name

175999 : 0x20be03e6208255 : 2 : ittapi_config_apply_per_lib :  ITTAPI function NOT instrumented (not matched by --itt-config option): __itt_notify_sync_prepare

175999 : 0x20be03e620a0a6 : 2 : ittapi_config_apply_per_lib :  ITTAPI function NOT instrumented (not matched by --itt-config option): __itt_notify_sync_cancel

175999 : 0x20be03e620bf11 : 2 : ittapi_config_apply_per_lib :  ITTAPI function NOT instrumented (not matched by --itt-config option): __itt_notify_sync_acquired

175999 : 0x20be03e620dcfa : 2 : ittapi_config_apply_per_lib :  ITTAPI function NOT instrumented (not matched by --itt-config option): __itt_notify_sync_releasing

175999 : 0x20be03e6211898 : 2 : ittapi_config_apply_per_lib :  ITTAPI function not implemented: __itt_memory_read
175999 : 0x20be03e6214dc3 : 2 : ittapi_config_apply_per_lib :  ITTAPI function not implemented: __itt_memory_write
175999 : 0x20be03e62182fb : 2 : ittapi_config_apply_per_lib :  ITTAPI function not implemented: __itt_memory_update
175999 : 0x20be03e6234291 : 2 : ittapi_config_apply_per_lib :  ITTAPI function not implemented: __itt_state_get
175999 : 0x20be03e623854b : 2 : ittapi_config_apply_per_lib :  ITTAPI function not implemented: __itt_state_set
175999 : 0x20be03e623b784 : 2 : ittapi_config_apply_per_lib :  ITTAPI function not implemented: __itt_obj_mode_set
175999 : 0x20be03e623ea66 : 2 : ittapi_config_apply_per_lib :  ITTAPI function not implemented: __itt_thr_mode_set
175999 : 0x20be03e62414f4 : 2 : ittapi_config_apply_per_lib :  ITTAPI function instrumented: __itt_frame_create
175999 : 0x20be03e6243d53 : 2 : ittapi_config_apply_per_lib :  ITTAPI function instrumented: __itt_frame_begin
175999 : 0x20be03e6246446 : 2 : ittapi_config_apply_per_lib :  ITTAPI function instrumented: __itt_frame_end
175999 : 0x20be03e624839b : 2 : ittapi_config_apply_per_lib :  ITTAPI function NOT instrumented (not matched by --itt-config option): __itt_counter_destroy

175999 : 0x20be03e624a442 : 2 : ittapi_config_apply_per_lib :  ITTAPI function NOT instrumented (not matched by --itt-config option): __itt_counter_inc

175999 : 0x20be03e624c32f : 2 : ittapi_config_apply_per_lib :  ITTAPI function NOT instrumented (not matched by --itt-config option): __itt_counter_inc_delta

175999 : 0x20be03e625c5b6 : 2 : ittapi_config_apply_per_lib :  ITTAPI function NOT instrumented (not matched by --itt-config option): __itt_counter_dec

175999 : 0x20be03e625f420 : 2 : ittapi_config_apply_per_lib :  ITTAPI function NOT instrumented (not matched by --itt-config option): __itt_counter_dec_delta

175999 : 0x20be03e626139c : 2 : ittapi_config_apply_per_lib :  ITTAPI function NOT instrumented (not matched by --itt-config option): __itt_counter_set_value

175999 : 0x20be03e6263151 : 2 : ittapi_config_apply_per_lib :  ITTAPI function NOT instrumented (not matched by --itt-config option): __itt_counter_set_value_ex

175999 : 0x20be03e6266836 : 2 : ittapi_config_apply_per_lib :  ITTAPI function not implemented: __itt_mark_create
175999 : 0x20be03e6269cc5 : 2 : ittapi_config_apply_per_lib :  ITTAPI function not implemented: __itt_mark
175999 : 0x20be03e626cfce : 2 : ittapi_config_apply_per_lib :  ITTAPI function not implemented: __itt_mark_off
175999 : 0x20be03e6270151 : 2 : ittapi_config_apply_per_lib :  ITTAPI function not implemented: __itt_mark_global
175999 : 0x20be03e6273433 : 2 : ittapi_config_apply_per_lib :  ITTAPI function not implemented: __itt_mark_global_off
175999 : 0x20be03e6276826 : 2 : ittapi_config_apply_per_lib :  ITTAPI function instrumented: __itt_stack_caller_create
175999 : 0x20be03e6287933 : 2 : ittapi_config_apply_per_lib :  ITTAPI function instrumented: __itt_stack_caller_destroy
175999 : 0x20be03e628b4eb : 2 : ittapi_config_apply_per_lib :  ITTAPI function instrumented: __itt_stack_callee_enter
175999 : 0x20be03e628de75 : 2 : ittapi_config_apply_per_lib :  ITTAPI function instrumented: __itt_stack_callee_leave
175999 : 0x20be03e62911a5 : 2 : ittapi_config_apply_per_lib :  ITTAPI function not implemented: __itt_clock_domain_create
175999 : 0x20be03e62949dc : 2 : ittapi_config_apply_per_lib :  ITTAPI function not implemented: __itt_clock_domain_reset
175999 : 0x20be03e6297c08 : 2 : ittapi_config_apply_per_lib :  ITTAPI function not implemented: __itt_id_create_ex
175999 : 0x20be03e629b14d : 2 : ittapi_config_apply_per_lib :  ITTAPI function not implemented: __itt_id_destroy_ex
175999 : 0x20be03e629d3bb : 2 : ittapi_config_apply_per_lib :  ITTAPI function NOT instrumented (not matched by --itt-config option): __itt_task_begin_ex

175999 : 0x20be03e629f2b5 : 2 : ittapi_config_apply_per_lib :  ITTAPI function NOT instrumented (not matched by --itt-config option): __itt_task_begin_fn_ex

175999 : 0x20be03e62a10df : 2 : ittapi_config_apply_per_lib :  ITTAPI function NOT instrumented (not matched by --itt-config option): __itt_task_end_ex

175999 : 0x20be03e62b6cb9 : 2 : ittapi_config_apply_per_lib :  ITTAPI function NOT instrumented (not matched by --itt-config option): __itt_task_begin_overlapped

175999 : 0x20be03e62b9ba5 : 2 : ittapi_config_apply_per_lib :  ITTAPI function NOT instrumented (not matched by --itt-config option): __itt_task_begin_overlapped_ex

175999 : 0x20be03e62bb9f6 : 2 : ittapi_config_apply_per_lib :  ITTAPI function NOT instrumented (not matched by --itt-config option): __itt_task_end_overlapped

175999 : 0x20be03e62bd777 : 2 : ittapi_config_apply_per_lib :  ITTAPI function NOT instrumented (not matched by --itt-config option): __itt_task_end_overlapped_ex

175999 : 0x20be03e62c14e9 : 2 : ittapi_config_apply_per_lib :  ITTAPI function not implemented: __itt_marker_ex
175999 : 0x20be03e62c4f0e : 2 : ittapi_config_apply_per_lib :  ITTAPI function not implemented: __itt_metadata_add_with_scope
175999 : 0x20be03e62c86b6 : 2 : ittapi_config_apply_per_lib :  ITTAPI function not implemented: __itt_metadata_str_add_with_scope
175999 : 0x20be03e62cbfd7 : 2 : ittapi_config_apply_per_lib :  ITTAPI function not implemented: __itt_relation_add_to_current_ex
175999 : 0x20be03e62cf25e : 2 : ittapi_config_apply_per_lib :  ITTAPI function not implemented: __itt_relation_add_ex
175999 : 0x20be03e62d269f : 2 : ittapi_config_apply_per_lib :  ITTAPI function not implemented: __itt_track_group_create
175999 : 0x20be03e62e4410 : 2 : ittapi_config_apply_per_lib :  ITTAPI function not implemented: __itt_track_create
175999 : 0x20be03e62e867c : 2 : ittapi_config_apply_per_lib :  ITTAPI function not implemented: __itt_set_track
175999 : 0x20be03e62eb5a9 : 2 : ittapi_config_apply_per_lib :  ITTAPI function instrumented: __itt_api_version
175999 : 0x20be03e62ee35d : 2 : ittapi_config_apply_per_lib :  ITTAPI function not implemented: __itt_av_save
175999 : 0x20be03e62f0e6d : 2 : ittapi_config_apply_per_lib :  ITTAPI function instrumented: __itt_module_load
175999 : 0x20be03e7c9bfc6 : 2 : ittapi_config_mask_get :  --itt-config mask to be applied: 17
175999 : 0x20be03e7ca5288 : 2 : ittapi_config_apply_per_lib :  ITTAPI function instrumented: __itt_domain_create
175999 : 0x20be03e7ca821d : 2 : ittapi_config_apply_per_lib :  ITTAPI function instrumented: __itt_string_handle_create
175999 : 0x20be03e7cab721 : 2 : ittapi_config_apply_per_lib :  ITTAPI function instrumented: __itt_pause
175999 : 0x20be03e7cae3de : 2 : ittapi_config_apply_per_lib :  ITTAPI function instrumented: __itt_resume
175999 : 0x20be03e7cd90c1 : 2 : ittapi_config_apply_per_lib :  ITTAPI function instrumented: __itt_thread_set_name
175999 : 0x20be03e7cdcba9 : 2 : ittapi_config_apply_per_lib :  ITTAPI function instrumented: __itt_thread_ignore
175999 : 0x20be03e7cdf6e0 : 2 : ittapi_config_apply_per_lib :  ITTAPI function instrumented: __itt_thr_name_set
175999 : 0x20be03e7ce1ff5 : 2 : ittapi_config_apply_per_lib :  ITTAPI function instrumented: __itt_thr_ignore
175999 : 0x20be03e7ce704b : 2 : ittapi_config_apply_per_lib :  ITTAPI function not implemented: __itt_enable_attach
175999 : 0x20be03e7cea542 : 2 : ittapi_config_apply_per_lib :  ITTAPI function instrumented: __itt_detach
175999 : 0x20be03e7cec685 : 2 : ittapi_config_apply_per_lib :  ITTAPI function NOT instrumented (not matched by --itt-config option): __itt_sync_create

175999 : 0x20be03e7cee809 : 2 : ittapi_config_apply_per_lib :  ITTAPI function NOT instrumented (not matched by --itt-config option): __itt_sync_rename

175999 : 0x20be03e7cf06c2 : 2 : ittapi_config_apply_per_lib :  ITTAPI function NOT instrumented (not matched by --itt-config option): __itt_sync_destroy

175999 : 0x20be03e7cf2436 : 2 : ittapi_config_apply_per_lib :  ITTAPI function NOT instrumented (not matched by --itt-config option): __itt_sync_prepare

175999 : 0x20be03e7d0362d : 2 : ittapi_config_apply_per_lib :  ITTAPI function NOT instrumented (not matched by --itt-config option): __itt_sync_cancel

175999 : 0x20be03e7d064be : 2 : ittapi_config_apply_per_lib :  ITTAPI function NOT instrumented (not matched by --itt-config option): __itt_sync_acquired

175999 : 0x20be03e7d08391 : 2 : ittapi_config_apply_per_lib :  ITTAPI function NOT instrumented (not matched by --itt-config option): __itt_sync_releasing

175999 : 0x20be03e7d0c699 : 2 : ittapi_config_apply_per_lib :  ITTAPI function not implemented: __itt_suppress_push
175999 : 0x20be03e7d10842 : 2 : ittapi_config_apply_per_lib :  ITTAPI function not implemented: __itt_suppress_pop
175999 : 0x20be03e7d142e9 : 2 : ittapi_config_apply_per_lib :  ITTAPI function not implemented: __itt_suppress_mark_range
175999 : 0x20be03e7d178fe : 2 : ittapi_config_apply_per_lib :  ITTAPI function not implemented: __itt_suppress_clear_range
175999 : 0x20be03e7d19c49 : 2 : ittapi_config_apply_per_lib :  ITTAPI function NOT instrumented (not matched by --itt-config option): __itt_sync_prepare

175999 : 0x20be03e7d1bb43 : 2 : ittapi_config_apply_per_lib :  ITTAPI function NOT instrumented (not matched by --itt-config option): __itt_sync_cancel

175999 : 0x20be03e7d1d912 : 2 : ittapi_config_apply_per_lib :  ITTAPI function NOT instrumented (not matched by --itt-config option): __itt_sync_acquired

175999 : 0x20be03e7d45d3b : 2 : ittapi_config_apply_per_lib :  ITTAPI function NOT instrumented (not matched by --itt-config option): __itt_sync_releasing

175999 : 0x20be03e7d4b597 : 2 : ittapi_config_apply_per_lib :  ITTAPI function not implemented: __itt_model_site_begin
175999 : 0x20be03e7d4f169 : 2 : ittapi_config_apply_per_lib :  ITTAPI function not implemented: __itt_model_site_end
175999 : 0x20be03e7d529d4 : 2 : ittapi_config_apply_per_lib :  ITTAPI function not implemented: __itt_model_task_begin
175999 : 0x20be03e7d5623f : 2 : ittapi_config_apply_per_lib :  ITTAPI function not implemented: __itt_model_task_end
175999 : 0x20be03e7d59931 : 2 : ittapi_config_apply_per_lib :  ITTAPI function not implemented: __itt_model_lock_acquire
175999 : 0x20be03e7d5ce69 : 2 : ittapi_config_apply_per_lib :  ITTAPI function not implemented: __itt_model_lock_release
175999 : 0x20be03e7d603c8 : 2 : ittapi_config_apply_per_lib :  ITTAPI function not implemented: __itt_model_record_allocation
175999 : 0x20be03e7d63b70 : 2 : ittapi_config_apply_per_lib :  ITTAPI function not implemented: __itt_model_record_deallocation
175999 : 0x20be03e7d674f9 : 2 : ittapi_config_apply_per_lib :  ITTAPI function not implemented: __itt_model_induction_uses
175999 : 0x20be03e7d7c788 : 2 : ittapi_config_apply_per_lib :  ITTAPI function not implemented: __itt_model_reduction_uses
175999 : 0x20be03e7d80b39 : 2 : ittapi_config_apply_per_lib :  ITTAPI function not implemented: __itt_model_observe_uses
175999 : 0x20be03e7d843ff : 2 : ittapi_config_apply_per_lib :  ITTAPI function not implemented: __itt_model_clear_uses
175999 : 0x20be03e7d87f42 : 2 : ittapi_config_apply_per_lib :  ITTAPI function not implemented: __itt_model_site_beginA
175999 : 0x20be03e7d8b5cc : 2 : ittapi_config_apply_per_lib :  ITTAPI function not implemented: __itt_model_site_beginAL
175999 : 0x20be03e7d8ed4d : 2 : ittapi_config_apply_per_lib :  ITTAPI function not implemented: __itt_model_task_beginA
175999 : 0x20be03e7d923f1 : 2 : ittapi_config_apply_per_lib :  ITTAPI function not implemented: __itt_model_task_beginAL
175999 : 0x20be03e7d958f5 : 2 : ittapi_config_apply_per_lib :  ITTAPI function not implemented: __itt_model_iteration_taskA
175999 : 0x20be03e7d98f99 : 2 : ittapi_config_apply_per_lib :  ITTAPI function not implemented: __itt_model_iteration_taskAL
175999 : 0x20be03e7d9c490 : 2 : ittapi_config_apply_per_lib :  ITTAPI function not implemented: __itt_model_site_end_2
175999 : 0x20be03e7daee4b : 2 : ittapi_config_apply_per_lib :  ITTAPI function not implemented: __itt_model_task_end_2
175999 : 0x20be03e7db36c2 : 2 : ittapi_config_apply_per_lib :  ITTAPI function not implemented: __itt_model_lock_acquire_2
175999 : 0x20be03e7db6bc6 : 2 : ittapi_config_apply_per_lib :  ITTAPI function not implemented: __itt_model_lock_release_2
175999 : 0x20be03e7dba166 : 2 : ittapi_config_apply_per_lib :  ITTAPI function not implemented: __itt_model_aggregate_task
175999 : 0x20be03e7dbd58d : 2 : ittapi_config_apply_per_lib :  ITTAPI function not implemented: __itt_model_disable_push
175999 : 0x20be03e7dc0b13 : 2 : ittapi_config_apply_per_lib :  ITTAPI function not implemented: __itt_model_disable_pop
175999 : 0x20be03e7dc3949 : 2 : ittapi_config_apply_per_lib :  ITTAPI function instrumented: __itt_heap_function_create
175999 : 0x20be03e7dc6355 : 2 : ittapi_config_apply_per_lib :  ITTAPI function instrumented: __itt_heap_allocate_begin
175999 : 0x20be03e7dc8b4c : 2 : ittapi_config_apply_per_lib :  ITTAPI function instrumented: __itt_heap_allocate_end
175999 : 0x20be03e7dcb46e : 2 : ittapi_config_apply_per_lib :  ITTAPI function instrumented: __itt_heap_free_begin
175999 : 0x20be03e7de32d0 : 2 : ittapi_config_apply_per_lib :  ITTAPI function instrumented: __itt_heap_free_end
175999 : 0x20be03e7de6b21 : 2 : ittapi_config_apply_per_lib :  ITTAPI function instrumented: __itt_heap_reallocate_begin
175999 : 0x20be03e7de9547 : 2 : ittapi_config_apply_per_lib :  ITTAPI function instrumented: __itt_heap_reallocate_end
175999 : 0x20be03e7deccae : 2 : ittapi_config_apply_per_lib :  ITTAPI function not implemented: __itt_heap_internal_access_begin
175999 : 0x20be03e7df0796 : 2 : ittapi_config_apply_per_lib :  ITTAPI function not implemented: __itt_heap_internal_access_end
175999 : 0x20be03e7df3f0a : 2 : ittapi_config_apply_per_lib :  ITTAPI function not implemented: __itt_heap_record_memory_growth_begin
175999 : 0x20be03e7df752c : 2 : ittapi_config_apply_per_lib :  ITTAPI function not implemented: __itt_heap_record_memory_growth_end
175999 : 0x20be03e7dfaabf : 2 : ittapi_config_apply_per_lib :  ITTAPI function not implemented: __itt_heap_reset_detection
175999 : 0x20be03e7dfdecc : 2 : ittapi_config_apply_per_lib :  ITTAPI function not implemented: __itt_heap_record
175999 : 0x20be03e7e010de : 2 : ittapi_config_apply_per_lib :  ITTAPI function not implemented: __itt_id_create
175999 : 0x20be03e7e130bf : 2 : ittapi_config_apply_per_lib :  ITTAPI function not implemented: __itt_id_destroy
175999 : 0x20be03e7e16de3 : 2 : ittapi_config_apply_per_lib :  ITTAPI function instrumented: __itt_get_timestamp
175999 : 0x20be03e7e19d1d : 2 : ittapi_config_apply_per_lib :  ITTAPI function not implemented: __itt_region_begin
175999 : 0x20be03e7e1cea0 : 2 : ittapi_config_apply_per_lib :  ITTAPI function not implemented: __itt_region_end
175999 : 0x20be03e7e1fb02 : 2 : ittapi_config_apply_per_lib :  ITTAPI function instrumented: __itt_frame_begin_v3
175999 : 0x20be03e7e22388 : 2 : ittapi_config_apply_per_lib :  ITTAPI function instrumented: __itt_frame_end_v3
175999 : 0x20be03e7e24c5c : 2 : ittapi_config_apply_per_lib :  ITTAPI function instrumented: __itt_frame_submit_v3
175999 : 0x20be03e7e26b3c : 2 : ittapi_config_apply_per_lib :  ITTAPI function NOT instrumented (not matched by --itt-config option): __itt_task_group

175999 : 0x20be03e7e28a0f : 2 : ittapi_config_apply_per_lib :  ITTAPI function NOT instrumented (not matched by --itt-config option): __itt_task_begin

175999 : 0x20be03e7e2a769 : 2 : ittapi_config_apply_per_lib :  ITTAPI function NOT instrumented (not matched by --itt-config option): __itt_task_begin_fn

175999 : 0x20be03e7e3a537 : 2 : ittapi_config_apply_per_lib :  ITTAPI function NOT instrumented (not matched by --itt-config option): __itt_task_end

175999 : 0x20be03e7e3d3ef : 2 : ittapi_config_apply_per_lib :  ITTAPI function NOT instrumented (not matched by --itt-config option): __itt_counter_inc_v3

175999 : 0x20be03e7e3f31d : 2 : ittapi_config_apply_per_lib :  ITTAPI function NOT instrumented (not matched by --itt-config option): __itt_counter_inc_delta_v3

175999 : 0x20be03e7e42c24 : 2 : ittapi_config_apply_per_lib :  ITTAPI function not implemented: __itt_marker
175999 : 0x20be03e7e45d3f : 2 : ittapi_config_apply_per_lib :  ITTAPI function instrumented: __itt_metadata_add
175999 : 0x20be03e7e48fd3 : 2 : ittapi_config_apply_per_lib :  ITTAPI function not implemented: __itt_metadata_str_add
175999 : 0x20be03e7e4c788 : 2 : ittapi_config_apply_per_lib :  ITTAPI function not implemented: __itt_relation_add_to_current
175999 : 0x20be03e7e4fc8c : 2 : ittapi_config_apply_per_lib :  ITTAPI function not implemented: __itt_relation_add
175999 : 0x20be03e7e528d4 : 2 : ittapi_config_apply_per_lib :  ITTAPI function instrumented: __itt_event_create
175999 : 0x20be03e7e54877 : 2 : ittapi_config_apply_per_lib :  ITTAPI function NOT instrumented (not matched by --itt-config option): __itt_event_start

175999 : 0x20be03e7e6a548 : 2 : ittapi_config_apply_per_lib :  ITTAPI function NOT instrumented (not matched by --itt-config option): __itt_event_end

175999 : 0x20be03e7e6d3f3 : 2 : ittapi_config_apply_per_lib :  ITTAPI function NOT instrumented (not matched by --itt-config option): __itt_sync_set_name

175999 : 0x20be03e7e6f3b0 : 2 : ittapi_config_apply_per_lib :  ITTAPI function NOT instrumented (not matched by --itt-config option): __itt_notify_sync_name

175999 : 0x20be03e7e76e7a : 2 : ittapi_config_apply_per_lib :  ITTAPI function NOT instrumented (not matched by --itt-config option): __itt_notify_sync_prepare

175999 : 0x20be03e7e78efa : 2 : ittapi_config_apply_per_lib :  ITTAPI function NOT instrumented (not matched by --itt-config option): __itt_notify_sync_cancel

175999 : 0x20be03e7e7ad8c : 2 : ittapi_config_apply_per_lib :  ITTAPI function NOT instrumented (not matched by --itt-config option): __itt_notify_sync_acquired

175999 : 0x20be03e7e7cb34 : 2 : ittapi_config_apply_per_lib :  ITTAPI function NOT instrumented (not matched by --itt-config option): __itt_notify_sync_releasing

175999 : 0x20be03e7e804ca : 2 : ittapi_config_apply_per_lib :  ITTAPI function not implemented: __itt_memory_read
175999 : 0x20be03e7e837e0 : 2 : ittapi_config_apply_per_lib :  ITTAPI function not implemented: __itt_memory_write
175999 : 0x20be03e7e86d80 : 2 : ittapi_config_apply_per_lib :  ITTAPI function not implemented: __itt_memory_update
175999 : 0x20be03e7e9a197 : 2 : ittapi_config_apply_per_lib :  ITTAPI function not implemented: __itt_state_get
175999 : 0x20be03e7e9e16c : 2 : ittapi_config_apply_per_lib :  ITTAPI function not implemented: __itt_state_set
175999 : 0x20be03e7ea12d5 : 2 : ittapi_config_apply_per_lib :  ITTAPI function not implemented: __itt_obj_mode_set
175999 : 0x20be03e7ea4458 : 2 : ittapi_config_apply_per_lib :  ITTAPI function not implemented: __itt_thr_mode_set
175999 : 0x20be03e7ea6e16 : 2 : ittapi_config_apply_per_lib :  ITTAPI function instrumented: __itt_frame_create
175999 : 0x20be03e7ea97a0 : 2 : ittapi_config_apply_per_lib :  ITTAPI function instrumented: __itt_frame_begin
175999 : 0x20be03e7eabe6c : 2 : ittapi_config_apply_per_lib :  ITTAPI function instrumented: __itt_frame_end
175999 : 0x20be03e7eae5d4 : 2 : ittapi_config_apply_per_lib :  ITTAPI function instrumented: __itt_counter_create
175999 : 0x20be03e7eb04ce : 2 : ittapi_config_apply_per_lib :  ITTAPI function NOT instrumented (not matched by --itt-config option): __itt_counter_destroy

175999 : 0x20be03e7eb2500 : 2 : ittapi_config_apply_per_lib :  ITTAPI function NOT instrumented (not matched by --itt-config option): __itt_counter_inc

175999 : 0x20be03e7ec2676 : 2 : ittapi_config_apply_per_lib :  ITTAPI function NOT instrumented (not matched by --itt-config option): __itt_counter_inc_delta

175999 : 0x20be03e7ec6f55 : 2 : ittapi_config_apply_per_lib :  ITTAPI function not implemented: __itt_mark_create
175999 : 0x20be03e7eca4db : 2 : ittapi_config_apply_per_lib :  ITTAPI function not implemented: __itt_mark
175999 : 0x20be03e7ecd880 : 2 : ittapi_config_apply_per_lib :  ITTAPI function not implemented: __itt_mark_off
175999 : 0x20be03e7ed0a85 : 2 : ittapi_config_apply_per_lib :  ITTAPI function not implemented: __itt_mark_global
175999 : 0x20be03e7ed3efa : 2 : ittapi_config_apply_per_lib :  ITTAPI function not implemented: __itt_mark_global_off
175999 : 0x20be03e7ed7119 : 2 : ittapi_config_apply_per_lib :  ITTAPI function instrumented: __itt_stack_caller_create
175999 : 0x20be03e7ed9bdb : 2 : ittapi_config_apply_per_lib :  ITTAPI function instrumented: __itt_stack_caller_destroy
175999 : 0x20be03e7edc495 : 2 : ittapi_config_apply_per_lib :  ITTAPI function instrumented: __itt_stack_callee_enter
175999 : 0x20be03e7edec72 : 2 : ittapi_config_apply_per_lib :  ITTAPI function instrumented: __itt_stack_callee_leave
175999 : 0x20be03e7ef67ef : 2 : ittapi_config_apply_per_lib :  ITTAPI function not implemented: __itt_clock_domain_create
175999 : 0x20be03e7efaf21 : 2 : ittapi_config_apply_per_lib :  ITTAPI function not implemented: __itt_clock_domain_reset
175999 : 0x20be03e7efe33b : 2 : ittapi_config_apply_per_lib :  ITTAPI function not implemented: __itt_id_create_ex
175999 : 0x20be03e7f01ae3 : 2 : ittapi_config_apply_per_lib :  ITTAPI function not implemented: __itt_id_destroy_ex
175999 : 0x20be03e7f03d03 : 2 : ittapi_config_apply_per_lib :  ITTAPI function NOT instrumented (not matched by --itt-config option): __itt_task_begin_ex

175999 : 0x20be03e7f05c99 : 2 : ittapi_config_apply_per_lib :  ITTAPI function NOT instrumented (not matched by --itt-config option): __itt_task_begin_fn_ex

175999 : 0x20be03e7f07aa9 : 2 : ittapi_config_apply_per_lib :  ITTAPI function NOT instrumented (not matched by --itt-config option): __itt_task_end_ex

175999 : 0x20be03e7f09781 : 2 : ittapi_config_apply_per_lib :  ITTAPI function NOT instrumented (not matched by --itt-config option): __itt_task_begin_overlapped

175999 : 0x20be03e7f0b4e8 : 2 : ittapi_config_apply_per_lib :  ITTAPI function NOT instrumented (not matched by --itt-config option): __itt_task_begin_overlapped_ex

175999 : 0x20be03e7f0d25c : 2 : ittapi_config_apply_per_lib :  ITTAPI function NOT instrumented (not matched by --itt-config option): __itt_task_end_overlapped

175999 : 0x20be03e7f1d162 : 2 : ittapi_config_apply_per_lib :  ITTAPI function NOT instrumented (not matched by --itt-config option): __itt_task_end_overlapped_ex

175999 : 0x20be03e7f21db5 : 2 : ittapi_config_apply_per_lib :  ITTAPI function not implemented: __itt_marker_ex
175999 : 0x20be03e7f2578c : 2 : ittapi_config_apply_per_lib :  ITTAPI function not implemented: __itt_metadata_add_with_scope
175999 : 0x20be03e7f28e30 : 2 : ittapi_config_apply_per_lib :  ITTAPI function not implemented: __itt_metadata_str_add_with_scope
175999 : 0x20be03e7f2c674 : 2 : ittapi_config_apply_per_lib :  ITTAPI function not implemented: __itt_relation_add_to_current_ex
175999 : 0x20be03e7f2fb44 : 2 : ittapi_config_apply_per_lib :  ITTAPI function not implemented: __itt_relation_add_ex
175999 : 0x20be03e7f330a3 : 2 : ittapi_config_apply_per_lib :  ITTAPI function not implemented: __itt_track_group_create
175999 : 0x20be03e7f3647c : 2 : ittapi_config_apply_per_lib :  ITTAPI function not implemented: __itt_track_create
175999 : 0x20be03e7f397b9 : 2 : ittapi_config_apply_per_lib :  ITTAPI function not implemented: __itt_set_track
175999 : 0x20be03e7f3c5a1 : 2 : ittapi_config_apply_per_lib :  ITTAPI function instrumented: __itt_api_version
175999 : 0x20be03e7f4dd48 : 2 : ittapi_config_apply_per_lib :  ITTAPI function not implemented: __itt_av_save